<?xml version="1.0" encoding="UTF-8"?>
<!-- Generated by org.testng.reporters.JUnitReportReporter -->
<testsuite hostname="DESKTOP-MEL0TQP" failures="0" tests="1" name="test_package_1.SampleTest" time="3.625" errors="0" timestamp="2024-09-17T20:11:56 IST" skipped="0">
  <testcase classname="test_package_1.SampleTest" name="sampleTest1" time="3.625"/>
</testsuite> <!-- test_package_1.SampleTest -->
